<?xml version="1.0" encoding="UTF-8"?>
<testng-results ignored="0" total="1" passed="0" failed="1" skipped="0">
  <reporter-output>
  </reporter-output>
  <suite started-at="2020-08-26T10:48:27 CEST" name="Default suite" finished-at="2020-08-26T10:48:44 CEST" duration-ms="16596">
    <groups>
    </groups>
    <test started-at="2020-08-26T10:48:27 CEST" name="Default test" finished-at="2020-08-26T10:48:44 CEST" duration-ms="16596">
      <class name="com.ppro.rough.TestCase2">
        <test-method is-config="true" signature="setUpFramework()[pri:0, instance:com.ppro.rough.TestCase2@4313f5bc]" started-at="2020-08-26T10:48:27 CEST" name="setUpFramework" finished-at="2020-08-26T10:48:27 CEST" duration-ms="8" status="PASS">
          <reporter-output>
          </reporter-output>
        </test-method> <!-- setUpFramework -->
        <test-method is-config="true" signature="setUp()[pri:0, instance:com.ppro.rough.TestCase2@4313f5bc]" started-at="2020-08-26T10:48:27 CEST" name="setUp" finished-at="2020-08-26T10:48:27 CEST" duration-ms="0" status="PASS">
          <reporter-output>
          </reporter-output>
        </test-method> <!-- setUp -->
        <test-method signature="doLoginTest()[pri:0, instance:com.ppro.rough.TestCase2@4313f5bc]" started-at="2020-08-26T10:48:27 CEST" name="doLoginTest" finished-at="2020-08-26T10:48:44 CEST" duration-ms="16555" status="FAIL">
          <exception class="java.lang.ClassCastException">
            <message>
              <![CDATA[class com.ppro.PageObjects.AppPage cannot be cast to class com.ppro.PageObjects.BasePage (com.ppro.PageObjects.AppPage and com.ppro.PageObjects.BasePage are in unnamed module of loader 'app')]]>
            </message>
            <full-stacktrace>
              <![CDATA[java.lang.ClassCastException: class com.ppro.PageObjects.AppPage cannot be cast to class com.ppro.PageObjects.BasePage (com.ppro.PageObjects.AppPage and com.ppro.PageObjects.BasePage are in unnamed module of loader 'app')
at com.ppro.PageObjects.BasePage.openPage(BasePage.java:34)
at com.ppro.PageObjects.loginPage.doLogin(loginPage.java:40)
at com.ppro.rough.TestCase2.doLoginTest(TestCase2.java:42)
at java.base/jdk.internal.reflect.NativeMethodAccessorImpl.invoke0(Native Method)
at java.base/jdk.internal.reflect.NativeMethodAccessorImpl.invoke(NativeMethodAccessorImpl.java:62)
at java.base/jdk.internal.reflect.DelegatingMethodAccessorImpl.invoke(DelegatingMethodAccessorImpl.java:43)
at java.base/java.lang.reflect.Method.invoke(Method.java:564)
at org.testng.internal.MethodInvocationHelper.invokeMethod(MethodInvocationHelper.java:135)
at org.testng.internal.TestInvoker.invokeMethod(TestInvoker.java:598)
at org.testng.internal.TestInvoker.invokeTestMethod(TestInvoker.java:174)
at org.testng.internal.MethodRunner.runInSequence(MethodRunner.java:46)
at org.testng.internal.TestInvoker$MethodInvocationAgent.invoke(TestInvoker.java:821)
at org.testng.internal.TestInvoker.invokeTestMethods(TestInvoker.java:147)
at org.testng.internal.TestMethodWorker.invokeTestMethods(TestMethodWorker.java:146)
at org.testng.internal.TestMethodWorker.run(TestMethodWorker.java:128)
at java.base/java.util.ArrayList.forEach(ArrayList.java:1511)
at org.testng.TestRunner.privateRun(TestRunner.java:767)
at org.testng.TestRunner.run(TestRunner.java:588)
at org.testng.SuiteRunner.runTest(SuiteRunner.java:384)
at org.testng.SuiteRunner.runSequentially(SuiteRunner.java:378)
at org.testng.SuiteRunner.privateRun(SuiteRunner.java:337)
at org.testng.SuiteRunner.run(SuiteRunner.java:286)
at org.testng.SuiteRunnerWorker.runSuite(SuiteRunnerWorker.java:53)
at org.testng.SuiteRunnerWorker.run(SuiteRunnerWorker.java:96)
at org.testng.TestNG.runSuitesSequentially(TestNG.java:1214)
at org.testng.TestNG.runSuitesLocally(TestNG.java:1136)
at org.testng.TestNG.runSuites(TestNG.java:1066)
at org.testng.TestNG.run(TestNG.java:1034)
at org.testng.remote.AbstractRemoteTestNG.run(AbstractRemoteTestNG.java:115)
at org.testng.remote.RemoteTestNG.initAndRun(RemoteTestNG.java:251)
at org.testng.remote.RemoteTestNG.main(RemoteTestNG.java:77)
]]>
            </full-stacktrace>
          </exception> <!-- java.lang.ClassCastException -->
          <reporter-output>
          </reporter-output>
        </test-method> <!-- doLoginTest -->
      </class> <!-- com.ppro.rough.TestCase2 -->
    </test> <!-- Default test -->
  </suite> <!-- Default suite -->
</testng-results>
